1714363108.164731 client started (8790): version 3.2a, socket /tmp/tmux-1000/default, protocol 8
1714363108.164754 on Linux 6.5.0-28-generic #29~22.04.1-Ubuntu SMP PREEMPT_DYNAMIC Thu Apr  4 14:39:20 UTC 2
1714363108.164758 using libevent 2.1.12-stable (poll); ncurses 6.3
1714363108.164775 flags are 0x18010000
1714363108.164778 socket is /tmp/tmux-1000/default
1714363108.164788 trying connect
1714363108.164842 add peer 0x643d1b79e320: 6 ((nil))
1714363108.165082 sending message 100 to peer 0x643d1b79e320 (4 bytes)
1714363108.165088 sending message 111 to peer 0x643d1b79e320 (8 bytes)
1714363108.165092 sending message 101 to peer 0x643d1b79e320 (15 bytes)
1714363108.165095 sending message 109 to peer 0x643d1b79e320 (4 bytes)
1714363108.165098 sending message 102 to peer 0x643d1b79e320 (11 bytes)
1714363108.165101 sending message 108 to peer 0x643d1b79e320 (27 bytes)
1714363108.165104 sending message 112 to peer 0x643d1b79e320 (58 bytes)
1714363108.165107 sending message 112 to peer 0x643d1b79e320 (5 bytes)
1714363108.165110 sending message 112 to peer 0x643d1b79e320 (5 bytes)
1714363108.165113 sending message 112 to peer 0x643d1b79e320 (6 bytes)
1714363108.165116 sending message 112 to peer 0x643d1b79e320 (6 bytes)
1714363108.165119 sending message 112 to peer 0x643d1b79e320 (11 bytes)
1714363108.165122 sending message 112 to peer 0x643d1b79e320 (10 bytes)
1714363108.165125 sending message 112 to peer 0x643d1b79e320 (13 bytes)
1714363108.165128 sending message 112 to peer 0x643d1b79e320 (14 bytes)
1714363108.165131 sending message 112 to peer 0x643d1b79e320 (19 bytes)
1714363108.165134 sending message 112 to peer 0x643d1b79e320 (11 bytes)
1714363108.165137 sending message 112 to peer 0x643d1b79e320 (10 bytes)
1714363108.165140 sending message 112 to peer 0x643d1b79e320 (15 bytes)
1714363108.165143 sending message 112 to peer 0x643d1b79e320 (21 bytes)
1714363108.165146 sending message 112 to peer 0x643d1b79e320 (13 bytes)
1714363108.165149 sending message 112 to peer 0x643d1b79e320 (7 bytes)
1714363108.165152 sending message 112 to peer 0x643d1b79e320 (13 bytes)
1714363108.165155 sending message 112 to peer 0x643d1b79e320 (7 bytes)
1714363108.165158 sending message 112 to peer 0x643d1b79e320 (13 bytes)
1714363108.165161 sending message 112 to peer 0x643d1b79e320 (9 bytes)
1714363108.165164 sending message 112 to peer 0x643d1b79e320 (21 bytes)
1714363108.165167 sending message 112 to peer 0x643d1b79e320 (13 bytes)
1714363108.165170 sending message 112 to peer 0x643d1b79e320 (9 bytes)
1714363108.165173 sending message 112 to peer 0x643d1b79e320 (16 bytes)
1714363108.165176 sending message 112 to peer 0x643d1b79e320 (13 bytes)
1714363108.165179 sending message 112 to peer 0x643d1b79e320 (9 bytes)
1714363108.165182 sending message 112 to peer 0x643d1b79e320 (9 bytes)
1714363108.165185 sending message 112 to peer 0x643d1b79e320 (12 bytes)
1714363108.165188 sending message 112 to peer 0x643d1b79e320 (8 bytes)
1714363108.165191 sending message 112 to peer 0x643d1b79e320 (8 bytes)
1714363108.165194 sending message 112 to peer 0x643d1b79e320 (13 bytes)
1714363108.165197 sending message 112 to peer 0x643d1b79e320 (7 bytes)
1714363108.165200 sending message 112 to peer 0x643d1b79e320 (7 bytes)
1714363108.165203 sending message 112 to peer 0x643d1b79e320 (9 bytes)
1714363108.165206 sending message 112 to peer 0x643d1b79e320 (9 bytes)
1714363108.165209 sending message 112 to peer 0x643d1b79e320 (15 bytes)
1714363108.165212 sending message 112 to peer 0x643d1b79e320 (13 bytes)
1714363108.165215 sending message 112 to peer 0x643d1b79e320 (12 bytes)
1714363108.165218 sending message 112 to peer 0x643d1b79e320 (8 bytes)
1714363108.165221 sending message 112 to peer 0x643d1b79e320 (14 bytes)
1714363108.165223 sending message 112 to peer 0x643d1b79e320 (11 bytes)
1714363108.165226 sending message 112 to peer 0x643d1b79e320 (9 bytes)
1714363108.165229 sending message 112 to peer 0x643d1b79e320 (10 bytes)
1714363108.165232 sending message 112 to peer 0x643d1b79e320 (10 bytes)
1714363108.165235 sending message 112 to peer 0x643d1b79e320 (10 bytes)
1714363108.165244 sending message 112 to peer 0x643d1b79e320 (10 bytes)
1714363108.165247 sending message 112 to peer 0x643d1b79e320 (11 bytes)
1714363108.165250 sending message 112 to peer 0x643d1b79e320 (12 bytes)
1714363108.165253 sending message 112 to peer 0x643d1b79e320 (12 bytes)
1714363108.165256 sending message 112 to peer 0x643d1b79e320 (12 bytes)
1714363108.165259 sending message 112 to peer 0x643d1b79e320 (12 bytes)
1714363108.165262 sending message 112 to peer 0x643d1b79e320 (12 bytes)
1714363108.165265 sending message 112 to peer 0x643d1b79e320 (11 bytes)
1714363108.165268 sending message 112 to peer 0x643d1b79e320 (11 bytes)
1714363108.165271 sending message 112 to peer 0x643d1b79e320 (12 bytes)
1714363108.165274 sending message 112 to peer 0x643d1b79e320 (12 bytes)
1714363108.165277 sending message 112 to peer 0x643d1b79e320 (12 bytes)
1714363108.165280 sending message 112 to peer 0x643d1b79e320 (12 bytes)
1714363108.165283 sending message 112 to peer 0x643d1b79e320 (12 bytes)
1714363108.165286 sending message 112 to peer 0x643d1b79e320 (9 bytes)
1714363108.165289 sending message 112 to peer 0x643d1b79e320 (12 bytes)
1714363108.165292 sending message 112 to peer 0x643d1b79e320 (13 bytes)
1714363108.165295 sending message 112 to peer 0x643d1b79e320 (13 bytes)
1714363108.165298 sending message 112 to peer 0x643d1b79e320 (13 bytes)
1714363108.165301 sending message 112 to peer 0x643d1b79e320 (13 bytes)
1714363108.165304 sending message 112 to peer 0x643d1b79e320 (13 bytes)
1714363108.165307 sending message 112 to peer 0x643d1b79e320 (8 bytes)
1714363108.165310 sending message 112 to peer 0x643d1b79e320 (11 bytes)
1714363108.165313 sending message 112 to peer 0x643d1b79e320 (11 bytes)
1714363108.165315 sending message 112 to peer 0x643d1b79e320 (11 bytes)
1714363108.165318 sending message 112 to peer 0x643d1b79e320 (12 bytes)
1714363108.165321 sending message 112 to peer 0x643d1b79e320 (12 bytes)
1714363108.165324 sending message 112 to peer 0x643d1b79e320 (12 bytes)
1714363108.165327 sending message 112 to peer 0x643d1b79e320 (12 bytes)
1714363108.165330 sending message 112 to peer 0x643d1b79e320 (13 bytes)
1714363108.165333 sending message 112 to peer 0x643d1b79e320 (13 bytes)
1714363108.165336 sending message 112 to peer 0x643d1b79e320 (13 bytes)
1714363108.165339 sending message 112 to peer 0x643d1b79e320 (8 bytes)
1714363108.165342 sending message 112 to peer 0x643d1b79e320 (13 bytes)
1714363108.165345 sending message 112 to peer 0x643d1b79e320 (13 bytes)
1714363108.165348 sending message 112 to peer 0x643d1b79e320 (13 bytes)
1714363108.165351 sending message 112 to peer 0x643d1b79e320 (13 bytes)
1714363108.165354 sending message 112 to peer 0x643d1b79e320 (13 bytes)
1714363108.165357 sending message 112 to peer 0x643d1b79e320 (12 bytes)
1714363108.165360 sending message 112 to peer 0x643d1b79e320 (12 bytes)
1714363108.165363 sending message 112 to peer 0x643d1b79e320 (12 bytes)
1714363108.165366 sending message 112 to peer 0x643d1b79e320 (12 bytes)
1714363108.165369 sending message 112 to peer 0x643d1b79e320 (13 bytes)
1714363108.165372 sending message 112 to peer 0x643d1b79e320 (8 bytes)
1714363108.165375 sending message 112 to peer 0x643d1b79e320 (13 bytes)
1714363108.165378 sending message 112 to peer 0x643d1b79e320 (13 bytes)
1714363108.165381 sending message 112 to peer 0x643d1b79e320 (13 bytes)
1714363108.165384 sending message 112 to peer 0x643d1b79e320 (13 bytes)
1714363108.165387 sending message 112 to peer 0x643d1b79e320 (13 bytes)
1714363108.165389 sending message 112 to peer 0x643d1b79e320 (13 bytes)
1714363108.165392 sending message 112 to peer 0x643d1b79e320 (13 bytes)
1714363108.165395 sending message 112 to peer 0x643d1b79e320 (12 bytes)
1714363108.165398 sending message 112 to peer 0x643d1b79e320 (12 bytes)
1714363108.165401 sending message 112 to peer 0x643d1b79e320 (12 bytes)
1714363108.165404 sending message 112 to peer 0x643d1b79e320 (8 bytes)
1714363108.165407 sending message 112 to peer 0x643d1b79e320 (12 bytes)
1714363108.165410 sending message 112 to peer 0x643d1b79e320 (13 bytes)
1714363108.165416 sending message 112 to peer 0x643d1b79e320 (13 bytes)
1714363108.165419 sending message 112 to peer 0x643d1b79e320 (13 bytes)
1714363108.165422 sending message 112 to peer 0x643d1b79e320 (13 bytes)
1714363108.165425 sending message 112 to peer 0x643d1b79e320 (13 bytes)
1714363108.165428 sending message 112 to peer 0x643d1b79e320 (13 bytes)
1714363108.165431 sending message 112 to peer 0x643d1b79e320 (13 bytes)
1714363108.165434 sending message 112 to peer 0x643d1b79e320 (13 bytes)
1714363108.165437 sending message 112 to peer 0x643d1b79e320 (12 bytes)
1714363108.165440 sending message 112 to peer 0x643d1b79e320 (10 bytes)
1714363108.165443 sending message 112 to peer 0x643d1b79e320 (12 bytes)
1714363108.165446 sending message 112 to peer 0x643d1b79e320 (12 bytes)
1714363108.165449 sending message 112 to peer 0x643d1b79e320 (12 bytes)
1714363108.165451 sending message 112 to peer 0x643d1b79e320 (13 bytes)
1714363108.165454 sending message 112 to peer 0x643d1b79e320 (13 bytes)
1714363108.165457 sending message 112 to peer 0x643d1b79e320 (13 bytes)
1714363108.165460 sending message 112 to peer 0x643d1b79e320 (13 bytes)
1714363108.165463 sending message 112 to peer 0x643d1b79e320 (13 bytes)
1714363108.165466 sending message 112 to peer 0x643d1b79e320 (13 bytes)
1714363108.165469 sending message 112 to peer 0x643d1b79e320 (13 bytes)
1714363108.165472 sending message 112 to peer 0x643d1b79e320 (10 bytes)
1714363108.165475 sending message 112 to peer 0x643d1b79e320 (13 bytes)
1714363108.165478 sending message 112 to peer 0x643d1b79e320 (12 bytes)
1714363108.165481 sending message 112 to peer 0x643d1b79e320 (12 bytes)
1714363108.165484 sending message 112 to peer 0x643d1b79e320 (12 bytes)
1714363108.165487 sending message 112 to peer 0x643d1b79e320 (10 bytes)
1714363108.165490 sending message 112 to peer 0x643d1b79e320 (10 bytes)
1714363108.165493 sending message 112 to peer 0x643d1b79e320 (10 bytes)
1714363108.165495 sending message 112 to peer 0x643d1b79e320 (12 bytes)
1714363108.165498 sending message 112 to peer 0x643d1b79e320 (13 bytes)
1714363108.165501 sending message 112 to peer 0x643d1b79e320 (13 bytes)
1714363108.165504 sending message 112 to peer 0x643d1b79e320 (13 bytes)
1714363108.165507 sending message 112 to peer 0x643d1b79e320 (13 bytes)
1714363108.165510 sending message 112 to peer 0x643d1b79e320 (13 bytes)
1714363108.165513 sending message 112 to peer 0x643d1b79e320 (10 bytes)
1714363108.165516 sending message 112 to peer 0x643d1b79e320 (11 bytes)
1714363108.165519 sending message 112 to peer 0x643d1b79e320 (12 bytes)
1714363108.165522 sending message 112 to peer 0x643d1b79e320 (12 bytes)
1714363108.165525 sending message 112 to peer 0x643d1b79e320 (12 bytes)
1714363108.165528 sending message 112 to peer 0x643d1b79e320 (12 bytes)
1714363108.165531 sending message 112 to peer 0x643d1b79e320 (12 bytes)
1714363108.165534 sending message 112 to peer 0x643d1b79e320 (11 bytes)
1714363108.165536 sending message 112 to peer 0x643d1b79e320 (12 bytes)
1714363108.165539 sending message 112 to peer 0x643d1b79e320 (12 bytes)
1714363108.165542 sending message 112 to peer 0x643d1b79e320 (13 bytes)
1714363108.165545 sending message 112 to peer 0x643d1b79e320 (13 bytes)
1714363108.165548 sending message 112 to peer 0x643d1b79e320 (13 bytes)
1714363108.165551 sending message 112 to peer 0x643d1b79e320 (13 bytes)
1714363108.165554 sending message 112 to peer 0x643d1b79e320 (13 bytes)
1714363108.165557 sending message 112 to peer 0x643d1b79e320 (10 bytes)
1714363108.165560 sending message 112 to peer 0x643d1b79e320 (9 bytes)
1714363108.165562 sending message 112 to peer 0x643d1b79e320 (12 bytes)
1714363108.165565 sending message 112 to peer 0x643d1b79e320 (13 bytes)
1714363108.165568 sending message 112 to peer 0x643d1b79e320 (13 bytes)
1714363108.165571 sending message 112 to peer 0x643d1b79e320 (13 bytes)
1714363108.165574 sending message 112 to peer 0x643d1b79e320 (13 bytes)
1714363108.165577 sending message 112 to peer 0x643d1b79e320 (13 bytes)
1714363108.165580 sending message 112 to peer 0x643d1b79e320 (9 bytes)
1714363108.165586 sending message 112 to peer 0x643d1b79e320 (12 bytes)
1714363108.165589 sending message 112 to peer 0x643d1b79e320 (13 bytes)
1714363108.165592 sending message 112 to peer 0x643d1b79e320 (13 bytes)
1714363108.165595 sending message 112 to peer 0x643d1b79e320 (13 bytes)
1714363108.165597 sending message 112 to peer 0x643d1b79e320 (13 bytes)
1714363108.165600 sending message 112 to peer 0x643d1b79e320 (13 bytes)
1714363108.165603 sending message 112 to peer 0x643d1b79e320 (11 bytes)
1714363108.165606 sending message 112 to peer 0x643d1b79e320 (12 bytes)
1714363108.165609 sending message 112 to peer 0x643d1b79e320 (13 bytes)
1714363108.165612 sending message 112 to peer 0x643d1b79e320 (13 bytes)
1714363108.165617 sending message 112 to peer 0x643d1b79e320 (13 bytes)
1714363108.165620 sending message 112 to peer 0x643d1b79e320 (13 bytes)
1714363108.165623 sending message 112 to peer 0x643d1b79e320 (13 bytes)
1714363108.165625 sending message 112 to peer 0x643d1b79e320 (11 bytes)
1714363108.165628 sending message 112 to peer 0x643d1b79e320 (12 bytes)
1714363108.165631 sending message 112 to peer 0x643d1b79e320 (12 bytes)
1714363108.165634 sending message 112 to peer 0x643d1b79e320 (12 bytes)
1714363108.165637 sending message 112 to peer 0x643d1b79e320 (12 bytes)
1714363108.165640 sending message 112 to peer 0x643d1b79e320 (12 bytes)
1714363108.165643 sending message 112 to peer 0x643d1b79e320 (21 bytes)
1714363108.165645 sending message 112 to peer 0x643d1b79e320 (12 bytes)
1714363108.165648 sending message 112 to peer 0x643d1b79e320 (9 bytes)
1714363108.165651 sending message 112 to peer 0x643d1b79e320 (6 bytes)
1714363108.165654 sending message 112 to peer 0x643d1b79e320 (13 bytes)
1714363108.165657 sending message 112 to peer 0x643d1b79e320 (10 bytes)
1714363108.165660 sending message 112 to peer 0x643d1b79e320 (24 bytes)
1714363108.165664 sending message 112 to peer 0x643d1b79e320 (13 bytes)
1714363108.165667 sending message 112 to peer 0x643d1b79e320 (9 bytes)
1714363108.165670 sending message 112 to peer 0x643d1b79e320 (70 bytes)
1714363108.165673 sending message 112 to peer 0x643d1b79e320 (69 bytes)
1714363108.165676 sending message 112 to peer 0x643d1b79e320 (12 bytes)
1714363108.165679 sending message 112 to peer 0x643d1b79e320 (10 bytes)
1714363108.165682 sending message 112 to peer 0x643d1b79e320 (10 bytes)
1714363108.165685 sending message 112 to peer 0x643d1b79e320 (24 bytes)
1714363108.165688 sending message 112 to peer 0x643d1b79e320 (13 bytes)
1714363108.165691 sending message 112 to peer 0x643d1b79e320 (10 bytes)
1714363108.165693 sending message 112 to peer 0x643d1b79e320 (10 bytes)
1714363108.165696 sending message 112 to peer 0x643d1b79e320 (10 bytes)
1714363108.165699 sending message 112 to peer 0x643d1b79e320 (13 bytes)
1714363108.165702 sending message 112 to peer 0x643d1b79e320 (15 bytes)
1714363108.165705 sending message 112 to peer 0x643d1b79e320 (5 bytes)
1714363108.165709 sending message 104 to peer 0x643d1b79e320 (0 bytes)
1714363108.165714 sending message 110 to peer 0x643d1b79e320 (0 bytes)
1714363108.165718 sending message 107 to peer 0x643d1b79e320 (4 bytes)
1714363108.165721 sending message 105 to peer 0x643d1b79e320 (38 bytes)
1714363108.165724 sending message 105 to peer 0x643d1b79e320 (62 bytes)
1714363108.165727 sending message 105 to peer 0x643d1b79e320 (36 bytes)
1714363108.165729 sending message 105 to peer 0x643d1b79e320 (20 bytes)
1714363108.165732 sending message 105 to peer 0x643d1b79e320 (54 bytes)
1714363108.165735 sending message 105 to peer 0x643d1b79e320 (23 bytes)
1714363108.165738 sending message 105 to peer 0x643d1b79e320 (11 bytes)
1714363108.165741 sending message 105 to peer 0x643d1b79e320 (18 bytes)
1714363108.165744 sending message 105 to peer 0x643d1b79e320 (35 bytes)
1714363108.165747 sending message 105 to peer 0x643d1b79e320 (44 bytes)
1714363108.165750 sending message 105 to peer 0x643d1b79e320 (23 bytes)
1714363108.165753 sending message 105 to peer 0x643d1b79e320 (32 bytes)
1714363108.165755 sending message 105 to peer 0x643d1b79e320 (28 bytes)
1714363108.165761 sending message 105 to peer 0x643d1b79e320 (19 bytes)
1714363108.165766 sending message 105 to peer 0x643d1b79e320 (47 bytes)
1714363108.165769 sending message 105 to peer 0x643d1b79e320 (23 bytes)
1714363108.165772 sending message 105 to peer 0x643d1b79e320 (17 bytes)
1714363108.165775 sending message 105 to peer 0x643d1b79e320 (23 bytes)
1714363108.165777 sending message 105 to peer 0x643d1b79e320 (30 bytes)
1714363108.165780 sending message 105 to peer 0x643d1b79e320 (27 bytes)
1714363108.165783 sending message 105 to peer 0x643d1b79e320 (24 bytes)
1714363108.165786 sending message 105 to peer 0x643d1b79e320 (20 bytes)
1714363108.165789 sending message 105 to peer 0x643d1b79e320 (23 bytes)
1714363108.165792 sending message 105 to peer 0x643d1b79e320 (21 bytes)
1714363108.165795 sending message 105 to peer 0x643d1b79e320 (25 bytes)
1714363108.165797 sending message 105 to peer 0x643d1b79e320 (20 bytes)
1714363108.165800 sending message 105 to peer 0x643d1b79e320 (16 bytes)
1714363108.165803 sending message 105 to peer 0x643d1b79e320 (16 bytes)
1714363108.165806 sending message 105 to peer 0x643d1b79e320 (34 bytes)
1714363108.165809 sending message 105 to peer 0x643d1b79e320 (17 bytes)
1714363108.165814 sending message 105 to peer 0x643d1b79e320 (164 bytes)
1714363108.165817 sending message 105 to peer 0x643d1b79e320 (31 bytes)
1714363108.165820 sending message 105 to peer 0x643d1b79e320 (19 bytes)
1714363108.165823 sending message 105 to peer 0x643d1b79e320 (18 bytes)
1714363108.165825 sending message 105 to peer 0x643d1b79e320 (84 bytes)
1714363108.165828 sending message 105 to peer 0x643d1b79e320 (15 bytes)
1714363108.165831 sending message 105 to peer 0x643d1b79e320 (8 bytes)
1714363108.165834 sending message 105 to peer 0x643d1b79e320 (33 bytes)
1714363108.165837 sending message 105 to peer 0x643d1b79e320 (41 bytes)
1714363108.165840 sending message 105 to peer 0x643d1b79e320 (22 bytes)
1714363108.165843 sending message 105 to peer 0x643d1b79e320 (20 bytes)
1714363108.165846 sending message 105 to peer 0x643d1b79e320 (13 bytes)
1714363108.165849 sending message 105 to peer 0x643d1b79e320 (17 bytes)
1714363108.165852 sending message 105 to peer 0x643d1b79e320 (26 bytes)
1714363108.165854 sending message 105 to peer 0x643d1b79e320 (25 bytes)
1714363108.165859 sending message 105 to peer 0x643d1b79e320 (54 bytes)
1714363108.165862 sending message 105 to peer 0x643d1b79e320 (33 bytes)
1714363108.165865 sending message 105 to peer 0x643d1b79e320 (67 bytes)
1714363108.165868 sending message 105 to peer 0x643d1b79e320 (23 bytes)
1714363108.165871 sending message 105 to peer 0x643d1b79e320 (31 bytes)
1714363108.165874 sending message 105 to peer 0x643d1b79e320 (23 bytes)
1714363108.165877 sending message 105 to peer 0x643d1b79e320 (27 bytes)
1714363108.165879 sending message 105 to peer 0x643d1b79e320 (25 bytes)
1714363108.165882 sending message 105 to peer 0x643d1b79e320 (20 bytes)
1714363108.165885 sending message 105 to peer 0x643d1b79e320 (16 bytes)
1714363108.165888 sending message 105 to peer 0x643d1b79e320 (12 bytes)
1714363108.165891 sending message 105 to peer 0x643d1b79e320 (13 bytes)
1714363108.165894 sending message 106 to peer 0x643d1b79e320 (0 bytes)
1714363108.165899 sending message 200 to peer 0x643d1b79e320 (4 bytes)
1714363108.165903 client loop enter
1714363108.168180 peer 0x643d1b79e320 message 207
1714363108.168192 sending message 208 to peer 0x643d1b79e320 (0 bytes)
1714363110.761852 peer 0x643d1b79e320 message 203
1714363110.761864 sending message 205 to peer 0x643d1b79e320 (0 bytes)
1714363110.762099 peer 0x643d1b79e320 message 204
1714363110.762107 client loop exit
